Build started 23.03.2014 23:59:53.
     1>Project "E:\Roman\Project Visual\Task2_z_6\Task2_z_6\Task2_z_6.vcxproj" on node 2 (build target(s)).
     1>InitializeBuildStatus:
         Creating "Debug\Task2_z_6.unsuccessfulbuild" because "AlwaysCreate" was specified.
       ClCompile:
         C:\Program Files (x86)\Microsoft Visual Studio 10.0\VC\bin\CL.exe /c /ZI /nologo /W3 /WX- /Od /Oy- /D _MBCS /Gm /EHsc /RTC1 /MDd /GS /fp:precise /Zc:wchar_t /Zc:forScope /Fo"Debug\\" /Fd"Debug\vc100.pdb" /Gd /TP /analyze- /errorReport:prompt function_task2_z_6.cpp
         function_task2_z_6.cpp
     1>e:\roman\project visual\task2_z_6\task2_z_6\function_task2_z_6.cpp(141): warning C4996: 'strcpy': This function or variable may be unsafe. Consider using strcpy_s instead. To disable deprecation, use _CRT_SECURE_NO_WARNINGS. See online help for details.
                 c:\program files (x86)\microsoft visual studio 10.0\vc\include\string.h(105) : see declaration of 'strcpy'
     1>e:\roman\project visual\task2_z_6\task2_z_6\function_task2_z_6.cpp(160): warning C4996: 'strcpy': This function or variable may be unsafe. Consider using strcpy_s instead. To disable deprecation, use _CRT_SECURE_NO_WARNINGS. See online help for details.
                 c:\program files (x86)\microsoft visual studio 10.0\vc\include\string.h(105) : see declaration of 'strcpy'
       Link:
         C:\Program Files (x86)\Microsoft Visual Studio 10.0\VC\bin\link.exe /ERRORREPORT:PROMPT /OUT:"E:\Roman\Project Visual\Task2_z_6\Debug\Task2_z_6.exe" /NOLOGO kernel32.lib user32.lib gdi32.lib winspool.lib comdlg32.lib advapi32.lib shell32.lib ole32.lib oleaut32.lib uuid.lib odbc32.lib odbccp32.lib /MANIFEST /ManifestFile:"Debug\Task2_z_6.exe.intermediate.manifest" /MANIFESTUAC:"level='asInvoker' uiAccess='false'" /DEBUG /PDB:"E:\Roman\Project Visual\Task2_z_6\Debug\Task2_z_6.pdb" /TLBID:1 /DYNAMICBASE /NXCOMPAT /IMPLIB:"E:\Roman\Project Visual\Task2_z_6\Debug\Task2_z_6.lib" /MACHINE:X86 Debug\function_task2_z_6.obj
         Debug\Task2_z_6.obj
         LINK : E:\Roman\Project Visual\Task2_z_6\Debug\Task2_z_6.exe not found or not built by the last incremental link; performing full link
         Task2_z_6.vcxproj -> E:\Roman\Project Visual\Task2_z_6\Debug\Task2_z_6.exe
       Manifest:
         C:\Program Files (x86)\Microsoft SDKs\Windows\v7.0A\bin\mt.exe /nologo /verbose /outputresource:"E:\Roman\Project Visual\Task2_z_6\Debug\Task2_z_6.exe;#1" /manifest Debug\Task2_z_6.exe.intermediate.manifest
       FinalizeBuildStatus:
         Deleting file "Debug\Task2_z_6.unsuccessfulbuild".
         Touching "Debug\Task2_z_6.lastbuildstate".
     1>Done Building Project "E:\Roman\Project Visual\Task2_z_6\Task2_z_6\Task2_z_6.vcxproj" (build target(s)).

Build succeeded.

Time Elapsed 00:00:01.33
